-------------------------------------------------------------------------------
Test set: runOptions.TestRunner2
-------------------------------------------------------------------------------
Tests run: 12, Failures: 2, Errors: 0, Skipped: 0, Time elapsed: 1.075 s <<< FAILURE! - in runOptions.TestRunner2
Usage of data table.Success page is displayed  Time elapsed: 0.014 s  <<< FAILURE!
java.lang.AssertionError

Usage of data table  Time elapsed: 0.127 s  <<< FAILURE!
java.lang.AssertionError

