<?xml version="1.0" encoding="UTF-8"?>
<testsuite xmlns:xsi="http://www.w3.org/2001/XMLSchema-instance" xsi:noNamespaceSchemaLocation="https://maven.apache.org/surefire/maven-surefire-plugin/xsd/surefire-test-report-3.0.xsd" version="3.0" name="runOptions.TestRunner" time="3.507" tests="16" errors="0" skipped="0" failures="0">
  <properties>
[...]
</properties>
  <testcase name="Background given step" classname="Home page default login" time="0.008"/>
  <testcase name="Background when step" classname="Home page default login" time="0.003"/>
  <testcase name="Background then step" classname="Home page default login" time="0.007"/>
  <testcase name="User is on netbanking landing page" classname="Home page default login" time="0.008"/>
  <testcase name="User Login into application with user name &quot;Jim&quot; and password &quot;1234&quot;" classname="Home page default login" time="0.003"/>
  <testcase name="Home page is populated" classname="Home page default login" time="0.004"/>
  <testcase name="Cards that displayed is &quot;true&quot;" classname="Home page default login" time="0.002"/>
  <testcase name="" classname="Home page default login" time="0.02"/>
  <testcase name="Background given step" classname="Home page disabled login" time="0.002"/>
  <testcase name="Background when step" classname="Home page disabled login" time="0.003"/>
  <testcase name="Background then step" classname="Home page disabled login" time="0.001"/>
  <testcase name="User is on netbanking landing page" classname="Home page disabled login" time="0.002"/>
  <testcase name="User Login into application with user name &quot;John&quot; and password &quot;4321&quot;" classname="Home page disabled login" time="0.004"/>
  <testcase name="Home page is populated" classname="Home page disabled login" time="0.003"/>
  <testcase name="Cards that displayed is &quot;false&quot;" classname="Home page disabled login" time="0.002"/>
  <testcase name="" classname="Home page disabled login" time="0.004"/>
</testsuite>